d:\cd\rtos\freertos_demo\consoleapplication\consolea.15160f9f\x64\debug\vc143.pdb
d:\cd\rtos\freertos_demo\consoleapplication\consolea.15160f9f\x64\debug\vc143.idb
d:\cd\rtos\freertos_demo\consoleapplication\consolea.15160f9f\x64\debug\timers.obj
d:\cd\rtos\freertos_demo\consoleapplication\consolea.15160f9f\x64\debug\tasks.obj
d:\cd\rtos\freertos_demo\consoleapplication\consolea.15160f9f\x64\debug\stream_buffer.obj
d:\cd\rtos\freertos_demo\consoleapplication\consolea.15160f9f\x64\debug\queue.obj
d:\cd\rtos\freertos_demo\consoleapplication\consolea.15160f9f\x64\debug\port.obj
d:\cd\rtos\freertos_demo\consoleapplication\consolea.15160f9f\x64\debug\main.obj
d:\cd\rtos\freertos_demo\consoleapplication\consolea.15160f9f\x64\debug\list.obj
d:\cd\rtos\freertos_demo\consoleapplication\consolea.15160f9f\x64\debug\heap_4.obj
d:\cd\rtos\freertos_demo\consoleapplication\consolea.15160f9f\x64\debug\event_groups.obj
d:\cd\rtos\freertos_demo\consoleapplication\consolea.15160f9f\x64\debug\croutine.obj
d:\cd\rtos\freertos_demo\consoleapplication\x64\debug\consoleapplication.pdb
d:\cd\rtos\freertos_demo\consoleapplication\consolea.15160f9f\x64\debug\consolea.15160f9f.tlog\cl.command.1.tlog
d:\cd\rtos\freertos_demo\consoleapplication\consolea.15160f9f\x64\debug\consolea.15160f9f.tlog\cl.read.1.tlog
d:\cd\rtos\freertos_demo\consoleapplication\consolea.15160f9f\x64\debug\consolea.15160f9f.tlog\cl.write.1.tlog
d:\cd\rtos\freertos_demo\consoleapplication\consolea.15160f9f\x64\debug\consolea.15160f9f.tlog\link-cvtres.read.1.tlog
d:\cd\rtos\freertos_demo\consoleapplication\consolea.15160f9f\x64\debug\consolea.15160f9f.tlog\link-cvtres.write.1.tlog
d:\cd\rtos\freertos_demo\consoleapplication\consolea.15160f9f\x64\debug\consolea.15160f9f.tlog\link-rc.read.1.tlog
d:\cd\rtos\freertos_demo\consoleapplication\consolea.15160f9f\x64\debug\consolea.15160f9f.tlog\link-rc.write.1.tlog
d:\cd\rtos\freertos_demo\consoleapplication\consolea.15160f9f\x64\debug\consolea.15160f9f.tlog\link.command.1.tlog
d:\cd\rtos\freertos_demo\consoleapplication\consolea.15160f9f\x64\debug\consolea.15160f9f.tlog\link.read.1.tlog
d:\cd\rtos\freertos_demo\consoleapplication\consolea.15160f9f\x64\debug\consolea.15160f9f.tlog\link.read.2.tlog
d:\cd\rtos\freertos_demo\consoleapplication\consolea.15160f9f\x64\debug\consolea.15160f9f.tlog\link.write.1.tlog
